<?xml version="1.0" encoding="UTF-8"?>
<testsuite name="SILab2Test" tests="1" skipped="0" failures="0" errors="0" timestamp="2020-05-31T14:42:13" hostname="DESKTOP-0DVHPSR" time="0.041">
  <properties/>
  <testcase name="EveryStatementTest()" classname="SILab2Test" time="0.041"/>
  <system-out><![CDATA[]]></system-out>
  <system-err><![CDATA[]]></system-err>
</testsuite>
